<?xml version="1.0" encoding="UTF-8"?>
<testng-results ignored="4" total="5" passed="1" failed="0" skipped="0">
  <reporter-output>
  </reporter-output>
  <suite started-at="2022-11-24T13:52:29 PST" name="Default suite" finished-at="2022-11-24T13:52:54 PST" duration-ms="24455">
    <groups>
    </groups>
    <test started-at="2022-11-24T13:52:29 PST" name="Default test" finished-at="2022-11-24T13:52:54 PST" duration-ms="24455">
      <class name="com.training.tests.LoginTest">
        <test-method is-config="true" signature="beforeMethod()[pri:0, instance:com.training.tests.LoginTest@47af7f3d]" started-at="2022-11-24T13:52:29 PST" name="beforeMethod" finished-at="2022-11-24T13:52:33 PST" duration-ms="3603" status="PASS">
          <reporter-output>
          </reporter-output>
        </test-method> <!-- beforeMethod -->
        <test-method signature="loginwithValidUsername()[pri:0, instance:com.training.tests.LoginTest@47af7f3d]" started-at="2022-11-24T13:52:33 PST" name="loginwithValidUsername" finished-at="2022-11-24T13:52:33 PST" duration-ms="344" status="PASS">
          <reporter-output>
          </reporter-output>
        </test-method> <!-- loginwithValidUsername -->
        <test-method is-config="true" signature="teardown()[pri:0, instance:com.training.tests.LoginTest@47af7f3d]" started-at="2022-11-24T13:52:33 PST" name="teardown" finished-at="2022-11-24T13:52:54 PST" duration-ms="20469" status="PASS">
          <reporter-output>
          </reporter-output>
        </test-method> <!-- teardown -->
      </class> <!-- com.training.tests.LoginTest -->
    </test> <!-- Default test -->
  </suite> <!-- Default suite -->
</testng-results>
