<?xml version="1.0" encoding="UTF-8"?>
<!-- Generated by org.testng.reporters.JUnitXMLReporter -->
<testsuite ignored="0" hostname="LAPTOP-R8ICE530" failures="0" tests="5" name="Salesforce" time="129.681" errors="0" timestamp="2022-11-23T17:10:20 PST">
  <testcase classname="com.training.tests.AccountTest" name="createAccount10" time="9.402"/>
  <testcase classname="com.training.tests.AccountTest" name="createAccountReport14" time="8.745"/>
  <testcase classname="com.training.tests.AccountTest" name="createNewView11" time="8.08"/>
  <testcase classname="com.training.tests.AccountTest" name="editView12" time="6.769"/>
  <testcase classname="com.training.tests.AccountTest" name="mergeAccount13" time="7.08"/>
</testsuite> <!-- Salesforce -->
