<?xml version="1.0" encoding="UTF-8"?>
<!-- Generated by org.testng.reporters.JUnitXMLReporter -->
<testsuite ignored="4" hostname="LAPTOP-R8ICE530" failures="0" tests="1" name="Default test" time="24.455" errors="0" timestamp="2022-11-24T13:52:54 PST">
  <testcase classname="com.training.tests.LoginTest" name="loginwithValidUsername" time="0.344"/>
  <testcase classname="com.training.tests.LoginTest" name="loginErrormessage" time="0.0">
    <ignored/>
  </testcase> <!-- loginErrormessage -->
  <testcase classname="com.training.tests.LoginTest" name="forgotPassword4B" time="0.0">
    <ignored/>
  </testcase> <!-- forgotPassword4B -->
  <testcase classname="com.training.tests.LoginTest" name="forgotPassword4A" time="0.0">
    <ignored/>
  </testcase> <!-- forgotPassword4A -->
  <testcase classname="com.training.tests.LoginTest" name="checkRemeberMe" time="0.0">
    <ignored/>
  </testcase> <!-- checkRemeberMe -->
</testsuite> <!-- Default test -->
